<?xml version="1.0" encoding="UTF-8"?>
<!-- Generated by org.testng.reporters.JUnitXMLReporter -->
<testsuite ignored="0" hostname="DESKTOP-R4Q93GI" failures="0" tests="5" name="Default test" time="0.231" errors="0" timestamp="2023-06-05T06:30:10 IST">
  <testcase classname="testNG.priorityTestCase" name="startThecar" time="0.032"/>
  <testcase classname="testNG.priorityTestCase" name="putFirstGear" time="0.005"/>
  <testcase classname="testNG.priorityTestCase" name="putSecondGear" time="0.017"/>
  <testcase classname="testNG.priorityTestCase" name="putThirdGear" time="0.01"/>
  <testcase classname="testNG.priorityTestCase" name="putFourGear" time="0.011"/>
</testsuite> <!-- Default test -->
