<?xml version="1.0" encoding="UTF-8"?>
<!-- Generated by org.testng.reporters.JUnitXMLReporter -->
<testsuite ignored="0" hostname="DESKTOP-R4Q93GI" failures="0" tests="4" name="Default test" time="0.21" errors="0" timestamp="2023-06-05T06:26:18 IST">
  <testcase classname="testNG.SampleTestNG" name="fivethCase" time="0.03"/>
  <testcase classname="testNG.SampleTestNG" name="fourthCase" time="0.007"/>
  <testcase classname="testNG.SampleTestNG" name="secondCase" time="0.034"/>
  <testcase classname="testNG.SampleTestNG" name="thirdCase" time="0.008"/>
</testsuite> <!-- Default test -->
