<?xml version="1.0" encoding="UTF-8"?>
<!-- Generated by org.testng.reporters.JUnitXMLReporter -->
<testsuite ignored="4" hostname="DESKTOP-R4Q93GI" failures="0" tests="4" name="Test" time="0.167" errors="0" timestamp="2023-06-06T05:56:55 IST">
  <testcase classname="testNG.GroupExample" name="moto1" time="0.03"/>
  <testcase classname="testNG.GroupExample" name="moto2" time="0.007"/>
  <testcase classname="testNG.GroupExample" name="vivo1" time="0.005"/>
  <testcase classname="testNG.GroupExample" name="vivo2" time="0.002"/>
  <testcase classname="testNG.GroupExample" name="apple1" time="0.0">
    <ignored/>
  </testcase> <!-- apple1 -->
  <testcase classname="testNG.GroupExample" name="Lenovo1" time="0.0">
    <ignored/>
  </testcase> <!-- Lenovo1 -->
  <testcase classname="testNG.GroupExample" name="Lenovo2" time="0.0">
    <ignored/>
  </testcase> <!-- Lenovo2 -->
  <testcase classname="testNG.GroupExample" name="apple2" time="0.0">
    <ignored/>
  </testcase> <!-- apple2 -->
</testsuite> <!-- Test -->
