<?xml version="1.0" encoding="UTF-8"?>
<testng-results ignored="4" total="8" passed="4" failed="0" skipped="0">
  <reporter-output>
  </reporter-output>
  <suite started-at="2023-06-06T05:56:54 IST" name="Suite" finished-at="2023-06-06T05:56:55 IST" duration-ms="167">
    <groups>
      <group name="vivo">
        <method signature="GroupExample.vivo1()[pri:0, instance:testNG.GroupExample@1677d1]" name="vivo1" class="testNG.GroupExample"/>
        <method signature="GroupExample.vivo2()[pri:0, instance:testNG.GroupExample@1677d1]" name="vivo2" class="testNG.GroupExample"/>
      </group> <!-- vivo -->
      <group name="moto">
        <method signature="GroupExample.moto1()[pri:0, instance:testNG.GroupExample@1677d1]" name="moto1" class="testNG.GroupExample"/>
        <method signature="GroupExample.moto2()[pri:0, instance:testNG.GroupExample@1677d1]" name="moto2" class="testNG.GroupExample"/>
      </group> <!-- moto -->
    </groups>
    <test started-at="2023-06-06T05:56:54 IST" name="Test" finished-at="2023-06-06T05:56:55 IST" duration-ms="167">
      <class name="testNG.GroupExample">
        <test-method signature="moto1()[pri:0, instance:testNG.GroupExample@1677d1]" started-at="2023-06-06T05:56:55 IST" name="moto1" finished-at="2023-06-06T05:56:55 IST" duration-ms="30" status="PASS">
          <reporter-output>
          </reporter-output>
        </test-method> <!-- moto1 -->
        <test-method signature="moto2()[pri:0, instance:testNG.GroupExample@1677d1]" started-at="2023-06-06T05:56:55 IST" name="moto2" finished-at="2023-06-06T05:56:55 IST" duration-ms="7" status="PASS">
          <reporter-output>
          </reporter-output>
        </test-method> <!-- moto2 -->
        <test-method signature="vivo1()[pri:0, instance:testNG.GroupExample@1677d1]" started-at="2023-06-06T05:56:55 IST" name="vivo1" finished-at="2023-06-06T05:56:55 IST" duration-ms="5" status="PASS">
          <reporter-output>
          </reporter-output>
        </test-method> <!-- vivo1 -->
        <test-method signature="vivo2()[pri:0, instance:testNG.GroupExample@1677d1]" started-at="2023-06-06T05:56:55 IST" name="vivo2" finished-at="2023-06-06T05:56:55 IST" duration-ms="2" status="PASS">
          <reporter-output>
          </reporter-output>
        </test-method> <!-- vivo2 -->
      </class> <!-- testNG.GroupExample -->
    </test> <!-- Test -->
  </suite> <!-- Suite -->
</testng-results>
